Arguments: 
  /home/stephen/.nvm/versions/node/v20.18.0/bin/node /home/stephen/.yarn/bin/yarn.js build:vault

PATH: 
  /usr/local/go/bin:/home/linuxbrew/.linuxbrew/bin:/home/linuxbrew/.linuxbrew/sbin:/root/.ao/bin:/home/stephen/.yarn/bin:/home/stephen/.config/yarn/global/node_modules/.bin:/usr/local/go/bin:/home/linuxbrew/.linuxbrew/bin:/home/linuxbrew/.linuxbrew/sbin:/root/.ao/bin:/home/stephen/.yarn/bin:/home/stephen/.config/yarn/global/node_modules/.bin:/home/stephen/.nvm/versions/node/v20.18.0/bin:/home/stephen/.local/bin:/usr/local/sbin:/usr/local/bin:/usr/sbin:/usr/bin:/sbin:/bin:/usr/games:/usr/local/games:/snap/bin:/snap/bin:/usr/local/go/bin:/usr/local/go/bin:/usr/local/go/bin:/usr/local/go/bin:/usr/local/go/bin:/usr/local/go/bin:/usr/local/go/bin:/usr/local/go/bin:/usr/local/go/bin:/usr/local/go/bin:/usr/local/go/bin:/usr/local/go/bin:/usr/local/go/bin:/usr/local/go/bin:/usr/local/go/bin:/usr/local/go/bin:/usr/local/go/bin:/usr/local/go/bin:/usr/local/go/bin:/usr/local/go/bin

Yarn version: 
  1.22.19

Node version: 
  20.18.0

Platform: 
  linux x64

Trace: 
  SyntaxError: /home/stephen/Documents/code/permahacks24/secretorium/package.json: Expected double-quoted property name in JSON at position 513
      at JSON.parse (<anonymous>)
      at /home/stephen/.yarn/lib/cli.js:1629:59
      at Generator.next (<anonymous>)
      at step (/home/stephen/.yarn/lib/cli.js:310:30)
      at /home/stephen/.yarn/lib/cli.js:321:13

npm manifest: 
  {
    "name": "secretorium",
    "version": "1.0.0",
    "main": "index.js",
    "repository": "https://github.com/project-kardeshev/secretorium",
    "author": "bobinstein <cavanaugh.stephen1991@gmail.com>",
    "license": "MIT",
    "type": "module",
    "scripts": {
      "build:registry": "node tools/bundle-aos.js --path=\"./processes/registry.lua\" --output=\"./dist/registry/aos-bundled.lua\"",
      "build:vault": "node tools/bundle-aos.js --path=\"./processes/vault.lua\" --output=\"./dist/vault/aos-bundled.lua\""
    },
    },
    "devDependencies": {
      "@permaweb/ao-loader": "^0.0.43",
      "@permaweb/aoconnect": "^0.0.59",
      "arweave": "^1.15.5",
      "fs-extra": "^11.2.0",
      "prettier": "^3.3.3"
    }
  }

yarn manifest: 
  No manifest

Lockfile: 
  # THIS IS AN AUTOGENERATED FILE. DO NOT EDIT THIS FILE DIRECTLY.
  # yarn lockfile v1
  
  
  "@fastify/busboy@^2.0.0":
    version "2.1.1"
    resolved "https://registry.npmjs.org/@fastify/busboy/-/busboy-2.1.1.tgz#b9da6a878a371829a0502c9b6c1c143ef6663f4d"
    integrity sha512-vBZP4NlzfOlerQTnba4aqZoMhE/a9HY7HRqoOPaETQcSQuWEIyZMHGfVu6w9wGtGK5fED5qRs2DteVCjOH60sA==
  
  "@permaweb/ao-loader@^0.0.43":
    version "0.0.43"
    resolved "https://registry.npmjs.org/@permaweb/ao-loader/-/ao-loader-0.0.43.tgz#bf980be06ec397ad475a023550b5526bf53e2a9b"
    integrity sha512-xPYzyKSCqtL0U8oUcCrW+uPpm7IcMncM5IPVGCGKljxA3IQA/HI8S5XA6tcZUaDRCl8VSVsJzqOgkdzy1JGi5w==
    dependencies:
      "@permaweb/wasm-metering" "^0.2.2"
  
  "@permaweb/ao-scheduler-utils@~0.0.23":
    version "0.0.24"
    resolved "https://registry.npmjs.org/@permaweb/ao-scheduler-utils/-/ao-scheduler-utils-0.0.24.tgz#a7d2c1e09f9b6ea5d45127fa395bbbcef6688452"
    integrity sha512-G6109Nz8+dQFPuG7mV8mz66kLVA+gl2uTSqU7qpaRwfujrWi6obM94CpmvyvAnrLo3dB29EYiuv7+KOKcns8ig==
    dependencies:
      lru-cache "^10.2.2"
      ramda "^0.30.0"
      zod "^3.23.5"
  
  "@permaweb/aoconnect@^0.0.59":
    version "0.0.59"
    resolved "https://registry.npmjs.org/@permaweb/aoconnect/-/aoconnect-0.0.59.tgz#0ceb6257e2f376f4af6783163e3037240560dff1"
    integrity sha512-AgnUv50hp3BVvqWk2IOw3p9ksF2GblFwQHCIWqwTYjvdViCPlsL4gx/BefxFqbMABXQ5q2QJItMJLlPelqC2CQ==
    dependencies:
      "@permaweb/ao-scheduler-utils" "~0.0.23"
      buffer "^6.0.3"
      debug "^4.3.6"
      hyper-async "^1.1.2"
      mnemonist "^0.39.8"
      ramda "^0.30.1"
      warp-arbundles "^1.0.4"
      zod "^3.23.8"
  
  "@permaweb/wasm-json-toolkit@^0.2.9":
    version "0.2.9"
    resolved "https://registry.npmjs.org/@permaweb/wasm-json-toolkit/-/wasm-json-toolkit-0.2.9.tgz#241cdf37c1690a751a73dd05987336142e5576d1"
    integrity sha512-CGCeUwS+UeqUdvORiyG0LykkQXLTwS5TWc590CUkDfOYyBUSPv8pse0sJStvTC9LKAzuNx3ELBvmqHCI4muUAA==
    dependencies:
      buffer-pipe "0.0.3"
      leb128 "0.0.4"
      safe-buffer "^5.1.2"
  
  "@permaweb/wasm-metering@^0.2.2":
    version "0.2.2"
    resolved "https://registry.npmjs.org/@permaweb/wasm-metering/-/wasm-metering-0.2.2.tgz#a854c485d9ddbbefb4a17a3692822b696d54a2c7"
    integrity sha512-xM2MbPkHc4rzhTR6VH5eXtfC+liaYSuNCa0kPRaqSZO2gr1SirJWnzUBDa5VOfTBTgIlIVv5RW+Mkbt/VuK+oA==
    dependencies:
      "@permaweb/wasm-json-toolkit" "^0.2.9"
      leb128 "^0.0.4"
  
  arconnect@^0.4.2:
    version "0.4.2"
    resolved "https://registry.npmjs.org/arconnect/-/arconnect-0.4.2.tgz#83de7638fb46183e82d7ec7efb5594c5f7cdc806"
    integrity sha512-Jkpd4QL3TVqnd3U683gzXmZUVqBUy17DdJDuL/3D9rkysLgX6ymJ2e+sR+xyZF5Rh42CBqDXWNMmCjBXeP7Gbw==
    dependencies:
      arweave "^1.10.13"
  
  arweave@^1.10.13, arweave@^1.13.7, arweave@^1.15.5:
    version "1.15.5"
    resolved "https://registry.npmjs.org/arweave/-/arweave-1.15.5.tgz#d0fb209de01bfc9dc97d5da70270928a83ecee83"
    integrity sha512-Zj3b8juz1ZtDaQDPQlzWyk2I4wZPx3RmcGq8pVJeZXl2Tjw0WRy5ueHPelxZtBLqCirGoZxZEAFRs6SZUSCBjg==
    dependencies:
      arconnect "^0.4.2"
      asn1.js "^5.4.1"
      base64-js "^1.5.1"
      bignumber.js "^9.0.2"
  
  asn1.js@^5.4.1:
    version "5.4.1"
    resolved "https://registry.npmjs.org/asn1.js/-/asn1.js-5.4.1.tgz#11a980b84ebb91781ce35b0fdc2ee294e3783f07"
    integrity sha512-+I//4cYPccV8LdmBLiX8CYvf9Sp3vQsrqu2QNXRcrbiWvcx/UdlFiqUJJzxRQxgsZmvhXhn4cSKeSmoFjVdupA==
    dependencies:
      bn.js "^4.0.0"
      inherits "^2.0.1"
      minimalistic-assert "^1.0.0"
      safer-buffer "^2.1.0"
  
  base64-js@^1.3.1, base64-js@^1.5.1:
    version "1.5.1"
    resolved "https://registry.npmjs.org/base64-js/-/base64-js-1.5.1.tgz#1b1b440160a5bf7ad40b650f095963481903930a"
    integrity sha512-AKpaYlHn8t4SVbOHCy+b5+KKgvR4vrsD8vbvrbiQJps7fKDTkjkDry6ji0rUJjC0kzbNePLwzxq8iypo41qeWA==
  
  base64url@^3.0.1:
    version "3.0.1"
    resolved "https://registry.npmjs.org/base64url/-/base64url-3.0.1.tgz#6399d572e2bc3f90a9a8b22d5dbb0a32d33f788d"
    integrity sha512-ir1UPr3dkwexU7FdV8qBBbNDRUhMmIekYMFZfi+C/sLNnRESKPl23nB9b2pltqfOQNnGzsDdId90AEtG5tCx4A==
  
  bignumber.js@^9.0.2:
    version "9.1.2"
    resolved "https://registry.npmjs.org/bignumber.js/-/bignumber.js-9.1.2.tgz#b7c4242259c008903b13707983b5f4bbd31eda0c"
    integrity sha512-2/mKyZH9K85bzOEfhXDBFZTGd1CTs+5IHpeFQo9luiBG7hghdC851Pj2WAhb6E3R6b9tZj/XKhbg4fum+Kepug==
  
  bn.js@^4.0.0, bn.js@^4.11.6:
    version "4.12.0"
    resolved "https://registry.npmjs.org/bn.js/-/bn.js-4.12.0.tgz#775b3f278efbb9718eec7361f483fb36fbbfea88"
    integrity sha512-c98Bf3tPniI+scsdk237ku1Dc3ujXQTSgyiPUDEOe7tRkhrqridvh8klBv0HCEso1OLOYcHuCv/cS6DNxKH+ZA==
  
  buffer-pipe@0.0.0:
    version "0.0.0"
    resolved "https://registry.npmjs.org/buffer-pipe/-/buffer-pipe-0.0.0.tgz#186ec257d696e8e74c3051160a0e9e9a9811a387"
    integrity sha512-PvKbsvQOH4dcUyUEvQQSs3CIkkuPcOHt3gKnXwf4HsPKFDxSN7bkmICVIWgOmW/jx/fAEGGn4mIayIJPLs7G8g==
    dependencies:
      safe-buffer "^5.1.1"
  
  buffer-pipe@0.0.3:
    version "0.0.3"
    resolved "https://registry.npmjs.org/buffer-pipe/-/buffer-pipe-0.0.3.tgz#242197681d4591e7feda213336af6c07a5ce2409"
    integrity sha512-GlxfuD/NrKvCNs0Ut+7b1IHjylfdegMBxQIlZHj7bObKVQBxB5S84gtm2yu1mQ8/sSggceWBDPY0cPXgvX2MuA==
    dependencies:
      safe-buffer "^5.1.2"
  
  buffer@^6.0.3:
    version "6.0.3"
    resolved "https://registry.npmjs.org/buffer/-/buffer-6.0.3.tgz#2ace578459cc8fbe2a70aaa8f52ee63b6a74c6c6"
    integrity sha512-FTiCpNxtwiZZHEZbcbTIcZjERVICn9yq/pDFkTl95/AxzD1naBctN7YO68riM/gLSDY7sdrMby8hofADYuuqOA==
    dependencies:
      base64-js "^1.3.1"
      ieee754 "^1.2.1"
  
  debug@^4.3.6:
    version "4.3.7"
    resolved "https://registry.npmjs.org/debug/-/debug-4.3.7.tgz#87945b4151a011d76d95a198d7111c865c360a52"
    integrity sha512-Er2nc/H7RrMXZBFCEim6TCmMk02Z8vLC2Rbi1KEBggpo0fS6l0S1nnapwmIi3yW/+GOJap1Krg4w0Hg80oCqgQ==
    dependencies:
      ms "^2.1.3"
  
  fs-extra@^11.2.0:
    version "11.2.0"
    resolved "https://registry.npmjs.org/fs-extra/-/fs-extra-11.2.0.tgz#e70e17dfad64232287d01929399e0ea7c86b0e5b"
    integrity sha512-PmDi3uwK5nFuXh7XDTlVnS17xJS7vW36is2+w3xcv8SVxiB4NyATf4ctkVY5bkSjX0Y4nbvZCq1/EjtEyr9ktw==
    dependencies:
      graceful-fs "^4.2.0"
      jsonfile "^6.0.1"
      universalify "^2.0.0"
  
  graceful-fs@^4.1.6, graceful-fs@^4.2.0:
    version "4.2.11"
    resolved "https://registry.npmjs.org/graceful-fs/-/graceful-fs-4.2.11.tgz#4183e4e8bf08bb6e05bbb2f7d2e0c8f712ca40e3"
    integrity sha512-RbJ5/jmFcNNCcDV5o9eTnBLJ/HszWV0P73bc+Ff4nS/rJj+YaS6IGyiOL0VoBYX+l1Wrl3k63h/KrH+nhJ0XvQ==
  
  hyper-async@^1.1.2:
    version "1.1.2"
    resolved "https://registry.npmjs.org/hyper-async/-/hyper-async-1.1.2.tgz#b9a83be36e726bface6f4a5b84f1a1a25bf19e6a"
    integrity sha512-cnpOgKa+5FZOaccTtjduac1FrZuSc38/ftCp3vYJdUMt+7c+uvGDKLDK4MTNK8D3aFjIeveVrPcSgUPvzZLopg==
  
  ieee754@^1.2.1:
    version "1.2.1"
    resolved "https://registry.npmjs.org/ieee754/-/ieee754-1.2.1.tgz#8eb7a10a63fff25d15a57b001586d177d1b0d352"
    integrity sha512-dcyqhDvX1C46lXZcVqCpK+FtMRQVdIMN6/Df5js2zouUsqG7I6sFxitIC+7KYK29KdXOLHdu9zL4sFnoVQnqaA==
  
  inherits@^2.0.1:
    version "2.0.4"
    resolved "https://registry.npmjs.org/inherits/-/inherits-2.0.4.tgz#0fa2c64f932917c3433a0ded55363aae37416b7c"
    integrity sha512-k/vGaX4/Yla3WzyMCvTQOXYeIHvqOKtnqBduzTHpzpQZzAskKMhZ2K+EnBiSM9zGSoIFeMpXKxa4dYeZIQqewQ==
  
  jsonfile@^6.0.1:
    version "6.1.0"
    resolved "https://registry.npmjs.org/jsonfile/-/jsonfile-6.1.0.tgz#bc55b2634793c679ec6403094eb13698a6ec0aae"
    integrity sha512-5dgndWOriYSm5cnYaJNhalLNDKOqFwyDB/rr1E9ZsGciGvKPs8R2xYGCacuf3z6K1YKDz182fd+fY3cn3pMqXQ==
    dependencies:
      universalify "^2.0.0"
    optionalDependencies:
      graceful-fs "^4.1.6"
  
  leb128@0.0.4, leb128@^0.0.4:
    version "0.0.4"
    resolved "https://registry.npmjs.org/leb128/-/leb128-0.0.4.tgz#f96d698cf3ba5b677423abfe50b7e9b2df1463ff"
    integrity sha512-2zejk0fCIgY8RVcc/KzvyfpDio5Oo8HgPZmkrOmdwmbk0KpKpgD+JKwikxKk8cZYkANIhwHK50SNukkCm3XkCQ==
    dependencies:
      bn.js "^4.11.6"
      buffer-pipe "0.0.0"
  
  lru-cache@^10.2.2:
    version "10.4.3"
    resolved "https://registry.npmjs.org/lru-cache/-/lru-cache-10.4.3.tgz#410fc8a17b70e598013df257c2446b7f3383f119"
    integrity sha512-JNAzZcXrCt42VGLuYz0zfAzDfAvJWW6AfYlDBQyDV5DClI2m5sAmK+OIO7s59XfsRsWHp02jAJrRadPRGTt6SQ==
  
  minimalistic-assert@^1.0.0:
    version "1.0.1"
    resolved "https://registry.npmjs.org/minimalistic-assert/-/minimalistic-assert-1.0.1.tgz#2e194de044626d4a10e7f7fbc00ce73e83e4d5c7"
    integrity sha512-UtJcAD4yEaGtjPezWuO9wC4nwUnVH/8/Im3yEHQP4b67cXlD/Qr9hdITCU1xDbSEXg2XKNaP8jsReV7vQd00/A==
  
  mnemonist@^0.39.8:
    version "0.39.8"
    resolved "https://registry.npmjs.org/mnemonist/-/mnemonist-0.39.8.tgz#9078cd8386081afd986cca34b52b5d84ea7a4d38"
    integrity sha512-vyWo2K3fjrUw8YeeZ1zF0fy6Mu59RHokURlld8ymdUPjMlD9EC9ov1/YPqTgqRvUN9nTr3Gqfz29LYAmu0PHPQ==
    dependencies:
      obliterator "^2.0.1"
  
  ms@^2.1.3:
    version "2.1.3"
    resolved "https://registry.npmjs.org/ms/-/ms-2.1.3.tgz#574c8138ce1d2b5861f0b44579dbadd60c6615b2"
    integrity sha512-6FlzubTLZG3J2a/NVCAleEhjzq5oxgHyaCU9yYXvcLsvoVaHJq/s5xXI6/XXP6tz7R9xAOtHnSO/tXtF3WRTlA==
  
  obliterator@^2.0.1:
    version "2.0.4"
    resolved "https://registry.npmjs.org/obliterator/-/obliterator-2.0.4.tgz#fa650e019b2d075d745e44f1effeb13a2adbe816"
    integrity sha512-lgHwxlxV1qIg1Eap7LgIeoBWIMFibOjbrYPIPJZcI1mmGAI2m3lNYpK12Y+GBdPQ0U1hRwSord7GIaawz962qQ==
  
  prettier@^3.3.3:
    version "3.3.3"
    resolved "https://registry.npmjs.org/prettier/-/prettier-3.3.3.tgz#30c54fe0be0d8d12e6ae61dbb10109ea00d53105"
    integrity sha512-i2tDNA0O5IrMO757lfrdQZCc2jPNDVntV0m/+4whiDfWaTKfMNgR7Qz0NAeGz/nRqF4m5/6CLzbP4/liHt12Ew==
  
  ramda@^0.30.0, ramda@^0.30.1:
    version "0.30.1"
    resolved "https://registry.npmjs.org/ramda/-/ramda-0.30.1.tgz#7108ac95673062b060025052cd5143ae8fc605bf"
    integrity sha512-tEF5I22zJnuclswcZMc8bDIrwRHRzf+NqVEmqg50ShAZMP7MWeR/RGDthfM/p+BlqvF2fXAzpn8i+SJcYD3alw==
  
  safe-buffer@^5.1.1, safe-buffer@^5.1.2:
    version "5.2.1"
    resolved "https://registry.npmjs.org/safe-buffer/-/safe-buffer-5.2.1.tgz#1eaf9fa9bdb1fdd4ec75f58f9cdb4e6b7827eec6"
    integrity sha512-rp3So07KcdmmKbGvgaNxQSJr7bGVSVk5S9Eq1F+ppbRo70+YeaDxkw5Dd8NPN+GD6bjnYm2VuPuCXmpuYvmCXQ==
  
  safer-buffer@^2.1.0:
    version "2.1.2"
    resolved "https://registry.npmjs.org/safer-buffer/-/safer-buffer-2.1.2.tgz#44fa161b0187b9549dd84bb91802f9bd8385cd6a"
    integrity sha512-YZo3K82SD7Riyi0E1EQPojLz7kpepnSQI9IyPbHHg1XXXevb5dJI7tpyN2ADxGcQbHG7vcyRHk0cbwqcQriUtg==
  
  undici@^5.19.1:
    version "5.28.4"
    resolved "https://registry.npmjs.org/undici/-/undici-5.28.4.tgz#6b280408edb6a1a604a9b20340f45b422e373068"
    integrity sha512-72RFADWFqKmUb2hmmvNODKL3p9hcB6Gt2DOQMis1SEBaV6a4MH8soBvzg+95CYhCKPFedut2JY9bMfrDl9D23g==
    dependencies:
      "@fastify/busboy" "^2.0.0"
  
  universalify@^2.0.0:
    version "2.0.1"
    resolved "https://registry.npmjs.org/universalify/-/universalify-2.0.1.tgz#168efc2180964e6386d061e094df61afe239b18d"
    integrity sha512-gptHNQghINnc/vTGIk0SOFGFNXw7JVrlRUtConJRlvaw6DuX0wO5Jeko9sWrMBhh+PsYAZ7oXAiOnf/UKogyiw==
  
  warp-arbundles@^1.0.4:
    version "1.0.4"
    resolved "https://registry.npmjs.org/warp-arbundles/-/warp-arbundles-1.0.4.tgz#10c0cd662ab41b0dabad9159c7110f43425cc5cc"
    integrity sha512-KeRac/EJ7VOK+v5+PSMh2SrzpCKOAFnJICLlqZWt6qPkDCzVwcrNE5wFxOlEk5U170ewMDAB3e86UHUblevXpw==
    dependencies:
      arweave "^1.13.7"
      base64url "^3.0.1"
      buffer "^6.0.3"
      warp-isomorphic "^1.0.7"
  
  warp-isomorphic@^1.0.7:
    version "1.0.7"
    resolved "https://registry.npmjs.org/warp-isomorphic/-/warp-isomorphic-1.0.7.tgz#abf1ee7bce44bec7c6b97547859e614876869aa7"
    integrity sha512-fXHbUXwdYqPm9fRPz8mjv5ndPco09aMQuTe4kXfymzOq8V6F3DLsg9cIafxvjms9/mc6eijzkLBJ63yjEENEjA==
    dependencies:
      buffer "^6.0.3"
      undici "^5.19.1"
  
  zod@^3.23.5, zod@^3.23.8:
    version "3.23.8"
    resolved "https://registry.npmjs.org/zod/-/zod-3.23.8.tgz#e37b957b5d52079769fb8097099b592f0ef4067d"
    integrity sha512-XBx9AXhXktjUqnepgTiE5flcKIYWi/rme0Eaj+5Y0lftuGBq+jyRu/md4WnuxqgP1ubdpNCsYEYPxrzVHD8d6g==
